<?xml version="1.0" encoding="UTF-8"?>
<!-- Generated by org.testng.reporters.JUnitReportReporter -->
<testsuite hostname="LAPTOP-8TP6OQIJ" failures="0" tests="2" name="TestCases.loginTestCases" time="21.532" errors="0" timestamp="2023-09-11T08:53:09 IST" skipped="0">
  <testcase classname="TestCases.loginTestCases" name="verifyValidLogin" time="9.548"/>
  <system-out/>
  <testcase classname="TestCases.loginTestCases" name="verifyInvalidValidLogin" time="11.984"/>
  <system-out/>
</testsuite> <!-- TestCases.loginTestCases -->
