<?xml version="1.0" encoding="UTF-8"?>
<!-- Generated by org.testng.reporters.JUnitReportReporter -->
<testsuite hostname="LAPTOP-8TP6OQIJ" failures="0" tests="1" name="TestCases.myInfoTestCases" time="21.058" errors="0" timestamp="2023-09-08T08:59:58 IST" skipped="0">
  <testcase classname="TestCases.myInfoTestCases" name="fillPersonalDetails" time="21.058"/>
  <system-out/>
</testsuite> <!-- TestCases.myInfoTestCases -->
